<?xml version="1.0" encoding="UTF-8"?>
<testng-results skipped="0" failed="1" total="2" passed="1">
  <reporter-output>
  </reporter-output>
  <suite name="Suite" duration-ms="30571" started-at="2017-10-02T02:53:38Z" finished-at="2017-10-02T02:54:09Z">
    <groups>
    </groups>
    <test name="Test" duration-ms="30571" started-at="2017-10-02T02:53:38Z" finished-at="2017-10-02T02:54:09Z">
      <class name="testCases.TC001_Login">
        <test-method status="PASS" signature="beforeSuite()[pri:0, instance:testCases.TC001_Login@1975490]" name="beforeSuite" is-config="true" duration-ms="775" started-at="2017-10-02T08:23:37Z" finished-at="2017-10-02T08:23:38Z">
          <reporter-output>
          </reporter-output>
        </test-method> <!-- beforeSuite -->
        <test-method status="PASS" signature="beforeTest()[pri:0, instance:testCases.TC001_Login@1975490]" name="beforeTest" is-config="true" duration-ms="1" started-at="2017-10-02T08:23:38Z" finished-at="2017-10-02T08:23:38Z">
          <reporter-output>
          </reporter-output>
        </test-method> <!-- beforeTest -->
        <test-method status="PASS" signature="testDetails()[pri:0, instance:testCases.TC001_Login@1975490]" name="testDetails" is-config="true" duration-ms="0" started-at="2017-10-02T08:23:38Z" finished-at="2017-10-02T08:23:38Z">
          <reporter-output>
          </reporter-output>
        </test-method> <!-- testDetails -->
        <test-method status="PASS" signature="beforeMethod()[pri:0, instance:testCases.TC001_Login@1975490]" name="beforeMethod" is-config="true" duration-ms="12400" started-at="2017-10-02T08:23:39Z" finished-at="2017-10-02T08:23:51Z">
          <reporter-output>
          </reporter-output>
        </test-method> <!-- beforeMethod -->
        <test-method status="FAIL" signature="login(java.lang.String, java.lang.String, java.lang.String)[pri:0, instance:testCases.TC001_Login@1975490]" name="login" duration-ms="3465" started-at="2017-10-02T08:23:51Z" data-provider="fetchData" finished-at="2017-10-02T08:23:55Z">
          <params>
            <param index="0">
              <value>
                <![CDATA[DemoSalesManager]]>
              </value>
            </param>
            <param index="1">
              <value>
                <![CDATA[crmsfa]]>
              </value>
            </param>
            <param index="2">
              <value>
                <![CDATA[Demo Sales Manager]]>
              </value>
            </param>
          </params>
          <exception class="java.lang.RuntimeException">
            <message>
              <![CDATA[FAILED]]>
            </message>
            <full-stacktrace>
              <![CDATA[java.lang.RuntimeException: FAILED
	at utils.Reporter.reportStep(Reporter.java:31)
	at wrappers.GenericWrappers.verifyTextContainsByXpath(GenericWrappers.java:254)
	at pages.HomePage.verifyLoginName(HomePage.java:21)
	at testCases.TC001_Login.login(TC001_Login.java:30)
	at sun.reflect.NativeMethodAccessorImpl.invoke0(Native Method)
	at sun.reflect.NativeMethodAccessorImpl.invoke(Unknown Source)
	at sun.reflect.DelegatingMethodAccessorImpl.invoke(Unknown Source)
	at java.lang.reflect.Method.invoke(Unknown Source)
	at org.testng.internal.MethodInvocationHelper.invokeMethod(MethodInvocationHelper.java:86)
	at org.testng.internal.Invoker.invokeMethod(Invoker.java:643)
	at org.testng.internal.Invoker.invokeTestMethod(Invoker.java:820)
	at org.testng.internal.Invoker.invokeTestMethods(Invoker.java:1128)
	at org.testng.internal.TestMethodWorker.invokeTestMethods(TestMethodWorker.java:129)
	at org.testng.internal.TestMethodWorker.run(TestMethodWorker.java:112)
	at org.testng.TestRunner.privateRun(TestRunner.java:782)
	at org.testng.TestRunner.run(TestRunner.java:632)
	at org.testng.SuiteRunner.runTest(SuiteRunner.java:366)
	at org.testng.SuiteRunner.runSequentially(SuiteRunner.java:361)
	at org.testng.SuiteRunner.privateRun(SuiteRunner.java:319)
	at org.testng.SuiteRunner.run(SuiteRunner.java:268)
	at org.testng.SuiteRunnerWorker.runSuite(SuiteRunnerWorker.java:52)
	at org.testng.SuiteRunnerWorker.run(SuiteRunnerWorker.java:86)
	at org.testng.TestNG.runSuitesSequentially(TestNG.java:1244)
	at org.testng.TestNG.runSuitesLocally(TestNG.java:1169)
	at org.testng.TestNG.run(TestNG.java:1064)
	at org.testng.remote.RemoteTestNG.run(RemoteTestNG.java:113)
	at org.testng.remote.RemoteTestNG.initAndRun(RemoteTestNG.java:206)
	at org.testng.remote.RemoteTestNG.main(RemoteTestNG.java:177)
]]>
            </full-stacktrace>
          </exception> <!-- java.lang.RuntimeException -->
          <reporter-output>
          </reporter-output>
        </test-method> <!-- login -->
        <test-method status="PASS" signature="afterMethod()[pri:0, instance:testCases.TC001_Login@1975490]" name="afterMethod" is-config="true" duration-ms="665" started-at="2017-10-02T08:23:55Z" finished-at="2017-10-02T08:23:55Z">
          <reporter-output>
          </reporter-output>
        </test-method> <!-- afterMethod -->
        <test-method status="PASS" signature="beforeMethod()[pri:0, instance:testCases.TC001_Login@1975490]" name="beforeMethod" is-config="true" duration-ms="6833" started-at="2017-10-02T08:23:55Z" finished-at="2017-10-02T08:24:02Z">
          <reporter-output>
          </reporter-output>
        </test-method> <!-- beforeMethod -->
        <test-method status="PASS" signature="login(java.lang.String, java.lang.String, java.lang.String)[pri:0, instance:testCases.TC001_Login@1975490]" name="login" duration-ms="5747" started-at="2017-10-02T08:24:02Z" data-provider="fetchData" finished-at="2017-10-02T08:24:08Z">
          <params>
            <param index="0">
              <value>
                <![CDATA[DemoCSR]]>
              </value>
            </param>
            <param index="1">
              <value>
                <![CDATA[crmsfa]]>
              </value>
            </param>
            <param index="2">
              <value>
                <![CDATA[Demo B2B CSR]]>
              </value>
            </param>
          </params>
          <reporter-output>
          </reporter-output>
        </test-method> <!-- login -->
        <test-method status="PASS" signature="afterMethod()[pri:0, instance:testCases.TC001_Login@1975490]" name="afterMethod" is-config="true" duration-ms="709" started-at="2017-10-02T08:24:08Z" finished-at="2017-10-02T08:24:09Z">
          <reporter-output>
          </reporter-output>
        </test-method> <!-- afterMethod -->
        <test-method status="PASS" signature="afterTest()[pri:0, instance:testCases.TC001_Login@1975490]" name="afterTest" is-config="true" duration-ms="0" started-at="2017-10-02T08:24:09Z" finished-at="2017-10-02T08:24:09Z">
          <reporter-output>
          </reporter-output>
        </test-method> <!-- afterTest -->
        <test-method status="PASS" signature="afterSuite()[pri:0, instance:testCases.TC001_Login@1975490]" name="afterSuite" is-config="true" duration-ms="320" started-at="2017-10-02T08:24:09Z" finished-at="2017-10-02T08:24:09Z">
          <reporter-output>
          </reporter-output>
        </test-method> <!-- afterSuite -->
      </class> <!-- testCases.TC001_Login -->
    </test> <!-- Test -->
  </suite> <!-- Suite -->
</testng-results>
